Starting new draw cycle
2 foreground set calls
0 background set calls
18 horizontal set calls
12 vertical set calls
0 fill calls
Drawing took 0.005035036 seconds
Starting new draw cycle
2 foreground set calls
0 background set calls
18 horizontal set calls
12 vertical set calls
0 fill calls
Drawing took 0.004369142 seconds
Starting new draw cycle
3 foreground set calls
0 background set calls
18 horizontal set calls
12 vertical set calls
0 fill calls
Drawing took 0.004939492 seconds
Starting new draw cycle
3 foreground set calls
0 background set calls
18 horizontal set calls
12 vertical set calls
0 fill calls
Drawing took 0.005168872 seconds
Starting new draw cycle
0 foreground set calls
0 background set calls
18 horizontal set calls
12 vertical set calls
0 fill calls
Drawing took 0.005941976 seconds
Starting new draw cycle
3 foreground set calls
0 background set calls
18 horizontal set calls
12 vertical set calls
0 fill calls
Drawing took 0.004505896 seconds
Starting new draw cycle
0 foreground set calls
0 background set calls
18 horizontal set calls
12 vertical set calls
0 fill calls
Drawing took 0.00466234 seconds
Starting new draw cycle
0 foreground set calls
0 background set calls
18 horizontal set calls
12 vertical set calls
0 fill calls
Drawing took 0.003906737 seconds
Starting new draw cycle
3 foreground set calls
0 background set calls
18 horizontal set calls
12 vertical set calls
0 fill calls
Drawing took 0.005538284 seconds
Starting new draw cycle
3 foreground set calls
0 background set calls
18 horizontal set calls
12 vertical set calls
0 fill calls
Drawing took 0.004191183 seconds
Starting new draw cycle
3 foreground set calls
0 background set calls
18 horizontal set calls
12 vertical set calls
0 fill calls
Drawing took 0.004175867 seconds
Starting new draw cycle
3 foreground set calls
0 background set calls
3 horizontal set calls
0 vertical set calls
0 fill calls
Drawing took 0.003225165 seconds
Starting new draw cycle
3 foreground set calls
0 background set calls
18 horizontal set calls
12 vertical set calls
0 fill calls
Drawing took 0.003847663 seconds
Starting new draw cycle
3 foreground set calls
0 background set calls
18 horizontal set calls
12 vertical set calls
0 fill calls
Drawing took 0.006381772 seconds
Starting new draw cycle
7 foreground set calls
0 background set calls
18 horizontal set calls
12 vertical set calls
0 fill calls
Drawing took 0.00601564 seconds
Starting new draw cycle
8 foreground set calls
0 background set calls
18 horizontal set calls
12 vertical set calls
0 fill calls
Drawing took 0.009474197 seconds
Starting new draw cycle
10 foreground set calls
0 background set calls
18 horizontal set calls
12 vertical set calls
0 fill calls
Drawing took 0.005801578 seconds
Starting new draw cycle
10 foreground set calls
0 background set calls
16 horizontal set calls
11 vertical set calls
0 fill calls
Drawing took 0.019988075 seconds
Starting new draw cycle
10 foreground set calls
0 background set calls
16 horizontal set calls
11 vertical set calls
0 fill calls
Drawing took 0.007436771 seconds
Starting new draw cycle
10 foreground set calls
0 background set calls
16 horizontal set calls
10 vertical set calls
0 fill calls
Drawing took 0.008636544 seconds
Starting new draw cycle
8 foreground set calls
0 background set calls
15 horizontal set calls
10 vertical set calls
0 fill calls
Drawing took 0.008263847 seconds
Starting new draw cycle
8 foreground set calls
0 background set calls
16 horizontal set calls
10 vertical set calls
0 fill calls
Drawing took 0.008242697 seconds
Starting new draw cycle
8 foreground set calls
0 background set calls
16 horizontal set calls
11 vertical set calls
0 fill calls
Drawing took 0.007355449 seconds
Starting new draw cycle
8 foreground set calls
0 background set calls
16 horizontal set calls
10 vertical set calls
0 fill calls
Drawing took 0.008221545 seconds
Starting new draw cycle
8 foreground set calls
0 background set calls
16 horizontal set calls
10 vertical set calls
0 fill calls
Drawing took 0.006260702 seconds
Starting new draw cycle
8 foreground set calls
0 background set calls
16 horizontal set calls
10 vertical set calls
0 fill calls
Drawing took 0.008582937 seconds
Starting new draw cycle
8 foreground set calls
0 background set calls
16 horizontal set calls
10 vertical set calls
0 fill calls
Drawing took 0.006896325 seconds
Starting new draw cycle
8 foreground set calls
0 background set calls
16 horizontal set calls
10 vertical set calls
0 fill calls
Drawing took 0.006766867 seconds
Starting new draw cycle
8 foreground set calls
0 background set calls
16 horizontal set calls
10 vertical set calls
0 fill calls
Drawing took 0.007105283 seconds
Starting new draw cycle
8 foreground set calls
0 background set calls
16 horizontal set calls
10 vertical set calls
0 fill calls
Drawing took 0.00654697 seconds
Starting new draw cycle
8 foreground set calls
0 background set calls
16 horizontal set calls
10 vertical set calls
0 fill calls
Drawing took 0.006470388 seconds
Starting new draw cycle
8 foreground set calls
0 background set calls
16 horizontal set calls
10 vertical set calls
0 fill calls
Drawing took 0.007323722 seconds
Starting new draw cycle
8 foreground set calls
0 background set calls
16 horizontal set calls
10 vertical set calls
0 fill calls
Drawing took 0.006352963 seconds
Starting new draw cycle
8 foreground set calls
0 background set calls
16 horizontal set calls
10 vertical set calls
0 fill calls
Drawing took 0.006569214 seconds
Starting new draw cycle
8 foreground set calls
0 background set calls
16 horizontal set calls
10 vertical set calls
0 fill calls
Drawing took 0.006527276 seconds
Starting new draw cycle
8 foreground set calls
0 background set calls
16 horizontal set calls
10 vertical set calls
0 fill calls
Drawing took 0.011526575 seconds
Starting new draw cycle
8 foreground set calls
0 background set calls
16 horizontal set calls
10 vertical set calls
0 fill calls
Drawing took 0.005319117 seconds
Starting new draw cycle
8 foreground set calls
0 background set calls
16 horizontal set calls
10 vertical set calls
0 fill calls
Drawing took 0.008326572 seconds
Starting new draw cycle
10 foreground set calls
0 background set calls
17 horizontal set calls
12 vertical set calls
0 fill calls
Drawing took 0.007777739 seconds
Starting new draw cycle
10 foreground set calls
0 background set calls
17 horizontal set calls
12 vertical set calls
0 fill calls
Drawing took 0.007097259 seconds
Starting new draw cycle
10 foreground set calls
0 background set calls
17 horizontal set calls
12 vertical set calls
0 fill calls
Drawing took 0.006584166 seconds
Starting new draw cycle
10 foreground set calls
0 background set calls
17 horizontal set calls
12 vertical set calls
0 fill calls
Drawing took 0.00716436 seconds
Starting new draw cycle
10 foreground set calls
0 background set calls
17 horizontal set calls
12 vertical set calls
0 fill calls
Drawing took 0.013779887 seconds
Starting new draw cycle
10 foreground set calls
0 background set calls
17 horizontal set calls
12 vertical set calls
0 fill calls
Drawing took 0.007601603 seconds
Starting new draw cycle
10 foreground set calls
0 background set calls
16 horizontal set calls
12 vertical set calls
0 fill calls
Drawing took 0.005248004 seconds
Starting new draw cycle
10 foreground set calls
0 background set calls
16 horizontal set calls
12 vertical set calls
0 fill calls
Drawing took 0.008255096 seconds
Starting new draw cycle
10 foreground set calls
0 background set calls
16 horizontal set calls
11 vertical set calls
0 fill calls
Drawing took 0.006676064 seconds
Starting new draw cycle
10 foreground set calls
0 background set calls
16 horizontal set calls
11 vertical set calls
0 fill calls
Drawing took 0.007016667 seconds
Starting new draw cycle
10 foreground set calls
0 background set calls
16 horizontal set calls
11 vertical set calls
0 fill calls
Drawing took 0.006048097 seconds
Starting new draw cycle
10 foreground set calls
0 background set calls
16 horizontal set calls
11 vertical set calls
0 fill calls
Drawing took 0.007624212 seconds
Starting new draw cycle
10 foreground set calls
0 background set calls
15 horizontal set calls
11 vertical set calls
0 fill calls
Drawing took 0.006726387 seconds
Starting new draw cycle
10 foreground set calls
0 background set calls
15 horizontal set calls
11 vertical set calls
0 fill calls
Drawing took 0.006494092 seconds
Starting new draw cycle
10 foreground set calls
0 background set calls
15 horizontal set calls
11 vertical set calls
0 fill calls
Drawing took 0.013504908 seconds
Starting new draw cycle
10 foreground set calls
0 background set calls
15 horizontal set calls
11 vertical set calls
0 fill calls
Drawing took 0.0098312 seconds
Starting new draw cycle
10 foreground set calls
0 background set calls
15 horizontal set calls
11 vertical set calls
0 fill calls
Drawing took 0.009856727 seconds
Starting new draw cycle
10 foreground set calls
0 background set calls
15 horizontal set calls
11 vertical set calls
0 fill calls
Drawing took 0.008110312 seconds
Starting new draw cycle
10 foreground set calls
0 background set calls
15 horizontal set calls
11 vertical set calls
0 fill calls
Drawing took 0.006825571 seconds
Starting new draw cycle
10 foreground set calls
0 background set calls
15 horizontal set calls
11 vertical set calls
0 fill calls
Drawing took 0.007435303 seconds
Starting new draw cycle
10 foreground set calls
0 background set calls
15 horizontal set calls
11 vertical set calls
0 fill calls
Drawing took 0.006981285 seconds
Starting new draw cycle
10 foreground set calls
0 background set calls
15 horizontal set calls
11 vertical set calls
0 fill calls
Drawing took 0.005995941 seconds
Starting new draw cycle
10 foreground set calls
0 background set calls
15 horizontal set calls
11 vertical set calls
0 fill calls
Drawing took 0.010247292 seconds
Starting new draw cycle
10 foreground set calls
0 background set calls
15 horizontal set calls
11 vertical set calls
0 fill calls
Drawing took 0.007797423 seconds
Starting new draw cycle
10 foreground set calls
0 background set calls
15 horizontal set calls
11 vertical set calls
0 fill calls
Drawing took 0.00712278 seconds
Starting new draw cycle
10 foreground set calls
0 background set calls
15 horizontal set calls
11 vertical set calls
0 fill calls
Drawing took 0.007502404 seconds
Starting new draw cycle
10 foreground set calls
0 background set calls
15 horizontal set calls
11 vertical set calls
0 fill calls
Drawing took 0.005531349 seconds
Starting new draw cycle
10 foreground set calls
0 background set calls
15 horizontal set calls
11 vertical set calls
0 fill calls
Drawing took 0.010754186 seconds
Starting new draw cycle
10 foreground set calls
0 background set calls
15 horizontal set calls
11 vertical set calls
0 fill calls
Drawing took 0.006316125 seconds
Starting new draw cycle
10 foreground set calls
0 background set calls
15 horizontal set calls
11 vertical set calls
0 fill calls
Drawing took 0.007102723 seconds
Starting new draw cycle
10 foreground set calls
0 background set calls
15 horizontal set calls
11 vertical set calls
0 fill calls
Drawing took 0.00808588 seconds
Starting new draw cycle
10 foreground set calls
0 background set calls
15 horizontal set calls
11 vertical set calls
0 fill calls
Drawing took 0.006418597 seconds
Starting new draw cycle
10 foreground set calls
0 background set calls
15 horizontal set calls
11 vertical set calls
0 fill calls
Drawing took 0.006945184 seconds
Starting new draw cycle
10 foreground set calls
0 background set calls
15 horizontal set calls
11 vertical set calls
0 fill calls
Drawing took 0.007290894 seconds
Starting new draw cycle
10 foreground set calls
0 background set calls
15 horizontal set calls
11 vertical set calls
0 fill calls
Drawing took 0.009702106 seconds
Starting new draw cycle
10 foreground set calls
0 background set calls
15 horizontal set calls
11 vertical set calls
0 fill calls
Drawing took 0.00746703 seconds
Starting new draw cycle
10 foreground set calls
0 background set calls
15 horizontal set calls
11 vertical set calls
0 fill calls
Drawing took 0.007441502 seconds
Starting new draw cycle
10 foreground set calls
0 background set calls
15 horizontal set calls
11 vertical set calls
0 fill calls
Drawing took 0.007883486 seconds
Starting new draw cycle
10 foreground set calls
0 background set calls
15 horizontal set calls
11 vertical set calls
0 fill calls
Drawing took 0.005552136 seconds
Starting new draw cycle
10 foreground set calls
0 background set calls
15 horizontal set calls
11 vertical set calls
0 fill calls
Drawing took 0.006371919 seconds
Starting new draw cycle
10 foreground set calls
0 background set calls
15 horizontal set calls
11 vertical set calls
0 fill calls
Drawing took 0.007269743 seconds
Starting new draw cycle
10 foreground set calls
0 background set calls
15 horizontal set calls
11 vertical set calls
0 fill calls
Drawing took 0.006109719 seconds
Starting new draw cycle
10 foreground set calls
0 background set calls
15 horizontal set calls
11 vertical set calls
0 fill calls
Drawing took 0.007439315 seconds
Starting new draw cycle
10 foreground set calls
0 background set calls
15 horizontal set calls
11 vertical set calls
0 fill calls
Drawing took 0.0095267 seconds
Starting new draw cycle
10 foreground set calls
0 background set calls
15 horizontal set calls
11 vertical set calls
0 fill calls
Drawing took 0.006127588 seconds
Starting new draw cycle
10 foreground set calls
0 background set calls
15 horizontal set calls
11 vertical set calls
0 fill calls
Drawing took 0.00717128 seconds
Starting new draw cycle
10 foreground set calls
0 background set calls
15 horizontal set calls
11 vertical set calls
0 fill calls
Drawing took 0.005917902 seconds
Starting new draw cycle
10 foreground set calls
0 background set calls
15 horizontal set calls
11 vertical set calls
0 fill calls
Drawing took 0.006208547 seconds
Starting new draw cycle
10 foreground set calls
0 background set calls
15 horizontal set calls
11 vertical set calls
0 fill calls
Drawing took 0.007443326 seconds
Starting new draw cycle
10 foreground set calls
0 background set calls
15 horizontal set calls
11 vertical set calls
0 fill calls
Drawing took 0.007492557 seconds
Starting new draw cycle
10 foreground set calls
0 background set calls
15 horizontal set calls
11 vertical set calls
0 fill calls
Drawing took 0.007472135 seconds
Starting new draw cycle
10 foreground set calls
0 background set calls
15 horizontal set calls
11 vertical set calls
0 fill calls
Drawing took 0.006366085 seconds
Starting new draw cycle
10 foreground set calls
0 background set calls
15 horizontal set calls
11 vertical set calls
0 fill calls
Drawing took 0.006057572 seconds
Starting new draw cycle
10 foreground set calls
0 background set calls
15 horizontal set calls
11 vertical set calls
0 fill calls
Drawing took 0.00637739 seconds
Starting new draw cycle
10 foreground set calls
0 background set calls
15 horizontal set calls
11 vertical set calls
0 fill calls
Drawing took 0.006971806 seconds
Starting new draw cycle
10 foreground set calls
0 background set calls
15 horizontal set calls
11 vertical set calls
0 fill calls
Drawing took 0.005988648 seconds
Starting new draw cycle
10 foreground set calls
0 background set calls
15 horizontal set calls
11 vertical set calls
0 fill calls
Drawing took 0.007043645 seconds
Starting new draw cycle
10 foreground set calls
0 background set calls
15 horizontal set calls
11 vertical set calls
0 fill calls
Drawing took 0.006311384 seconds
Starting new draw cycle
10 foreground set calls
0 background set calls
15 horizontal set calls
11 vertical set calls
0 fill calls
Drawing took 0.006245378 seconds
Starting new draw cycle
10 foreground set calls
0 background set calls
15 horizontal set calls
11 vertical set calls
0 fill calls
Drawing took 0.007851759 seconds
Starting new draw cycle
10 foreground set calls
0 background set calls
15 horizontal set calls
11 vertical set calls
0 fill calls
Drawing took 0.005295772 seconds
Starting new draw cycle
10 foreground set calls
0 background set calls
15 horizontal set calls
11 vertical set calls
0 fill calls
Drawing took 0.005918266 seconds
Starting new draw cycle
10 foreground set calls
0 background set calls
15 horizontal set calls
11 vertical set calls
0 fill calls
Drawing took 0.006988944 seconds
Starting new draw cycle
10 foreground set calls
0 background set calls
15 horizontal set calls
11 vertical set calls
0 fill calls
Drawing took 0.006474392 seconds
Starting new draw cycle
10 foreground set calls
0 background set calls
15 horizontal set calls
11 vertical set calls
0 fill calls
Drawing took 0.006929868 seconds
Starting new draw cycle
10 foreground set calls
0 background set calls
15 horizontal set calls
11 vertical set calls
0 fill calls
Drawing took 0.008689777 seconds
Starting new draw cycle
10 foreground set calls
0 background set calls
15 horizontal set calls
11 vertical set calls
0 fill calls
Drawing took 0.005480294 seconds
Starting new draw cycle
10 foreground set calls
0 background set calls
15 horizontal set calls
11 vertical set calls
0 fill calls
Drawing took 0.006230791 seconds
Starting new draw cycle
10 foreground set calls
0 background set calls
15 horizontal set calls
11 vertical set calls
0 fill calls
Drawing took 0.005509105 seconds
Starting new draw cycle
10 foreground set calls
0 background set calls
15 horizontal set calls
11 vertical set calls
0 fill calls
Drawing took 0.00679421 seconds
Starting new draw cycle
10 foreground set calls
0 background set calls
15 horizontal set calls
11 vertical set calls
0 fill calls
Drawing took 0.006714346 seconds
Starting new draw cycle
10 foreground set calls
0 background set calls
15 horizontal set calls
11 vertical set calls
0 fill calls
Drawing took 0.007279953 seconds
Starting new draw cycle
10 foreground set calls
0 background set calls
15 horizontal set calls
11 vertical set calls
0 fill calls
Drawing took 0.006118471 seconds
Starting new draw cycle
10 foreground set calls
0 background set calls
15 horizontal set calls
11 vertical set calls
0 fill calls
Drawing took 0.007184044 seconds
Starting new draw cycle
10 foreground set calls
0 background set calls
15 horizontal set calls
11 vertical set calls
0 fill calls
Drawing took 0.005423042 seconds
Starting new draw cycle
10 foreground set calls
0 background set calls
15 horizontal set calls
11 vertical set calls
0 fill calls
Drawing took 0.00823977 seconds
Starting new draw cycle
10 foreground set calls
0 background set calls
15 horizontal set calls
11 vertical set calls
0 fill calls
Drawing took 0.006430632 seconds
Starting new draw cycle
10 foreground set calls
0 background set calls
15 horizontal set calls
11 vertical set calls
0 fill calls
Drawing took 0.005844602 seconds
Starting new draw cycle
10 foreground set calls
0 background set calls
15 horizontal set calls
11 vertical set calls
0 fill calls
Drawing took 0.006453606 seconds
Starting new draw cycle
10 foreground set calls
0 background set calls
15 horizontal set calls
11 vertical set calls
0 fill calls
Drawing took 0.005750882 seconds
Starting new draw cycle
10 foreground set calls
0 background set calls
15 horizontal set calls
11 vertical set calls
0 fill calls
Drawing took 0.005365059 seconds
Starting new draw cycle
10 foreground set calls
0 background set calls
15 horizontal set calls
11 vertical set calls
0 fill calls
Drawing took 0.006817184 seconds
Starting new draw cycle
10 foreground set calls
0 background set calls
15 horizontal set calls
11 vertical set calls
0 fill calls
Drawing took 0.006746073 seconds
Starting new draw cycle
10 foreground set calls
0 background set calls
15 horizontal set calls
11 vertical set calls
0 fill calls
Drawing took 0.00959234 seconds
Starting new draw cycle
10 foreground set calls
0 background set calls
15 horizontal set calls
11 vertical set calls
0 fill calls
Drawing took 0.006119202 seconds
Starting new draw cycle
10 foreground set calls
0 background set calls
15 horizontal set calls
11 vertical set calls
0 fill calls
Drawing took 0.005799749 seconds
Starting new draw cycle
10 foreground set calls
0 background set calls
15 horizontal set calls
11 vertical set calls
0 fill calls
Drawing took 0.006036055 seconds
Starting new draw cycle
2 foreground set calls
0 background set calls
2 horizontal set calls
2 vertical set calls
0 fill calls
Drawing took 0.004443896 seconds
Starting new draw cycle
10 foreground set calls
0 background set calls
15 horizontal set calls
11 vertical set calls
0 fill calls
Drawing took 0.006531281 seconds
Starting new draw cycle
10 foreground set calls
0 background set calls
15 horizontal set calls
11 vertical set calls
0 fill calls
Drawing took 0.007183679 seconds
Starting new draw cycle
2 foreground set calls
0 background set calls
2 horizontal set calls
2 vertical set calls
0 fill calls
Drawing took 0.005309263 seconds
Starting new draw cycle
2 foreground set calls
0 background set calls
2 horizontal set calls
2 vertical set calls
0 fill calls
Drawing took 0.004392842 seconds
Starting new draw cycle
2 foreground set calls
0 background set calls
2 horizontal set calls
2 vertical set calls
0 fill calls
Drawing took 0.004916511 seconds
Starting new draw cycle
10 foreground set calls
0 background set calls
15 horizontal set calls
11 vertical set calls
0 fill calls
Drawing took 0.00824597 seconds
Starting new draw cycle
10 foreground set calls
0 background set calls
15 horizontal set calls
11 vertical set calls
0 fill calls
Drawing took 0.007504956 seconds
Starting new draw cycle
10 foreground set calls
0 background set calls
15 horizontal set calls
11 vertical set calls
0 fill calls
Drawing took 0.006368273 seconds
Starting new draw cycle
2 foreground set calls
0 background set calls
2 horizontal set calls
2 vertical set calls
0 fill calls
Drawing took 0.004329024 seconds
Starting new draw cycle
2 foreground set calls
0 background set calls
2 horizontal set calls
2 vertical set calls
0 fill calls
Drawing took 0.003913663 seconds
Starting new draw cycle
2 foreground set calls
0 background set calls
2 horizontal set calls
2 vertical set calls
0 fill calls
Drawing took 0.00485561 seconds
Starting new draw cycle
2 foreground set calls
0 background set calls
2 horizontal set calls
2 vertical set calls
0 fill calls
Drawing took 0.004855612 seconds
Starting new draw cycle
2 foreground set calls
0 background set calls
2 horizontal set calls
2 vertical set calls
0 fill calls
Drawing took 0.003267463 seconds
Starting new draw cycle
2 foreground set calls
0 background set calls
2 horizontal set calls
2 vertical set calls
0 fill calls
Drawing took 0.005013879 seconds
Starting new draw cycle
2 foreground set calls
0 background set calls
2 horizontal set calls
2 vertical set calls
0 fill calls
Drawing took 0.004046039 seconds
Starting new draw cycle
2 foreground set calls
0 background set calls
2 horizontal set calls
2 vertical set calls
0 fill calls
Drawing took 0.003931896 seconds
Starting new draw cycle
2 foreground set calls
0 background set calls
2 horizontal set calls
2 vertical set calls
0 fill calls
Drawing took 0.003691214 seconds
Starting new draw cycle
2 foreground set calls
0 background set calls
2 horizontal set calls
2 vertical set calls
0 fill calls
Drawing took 0.004024159 seconds
Starting new draw cycle
2 foreground set calls
0 background set calls
2 horizontal set calls
2 vertical set calls
0 fill calls
Drawing took 0.004731623 seconds
Starting new draw cycle
2 foreground set calls
0 background set calls
2 horizontal set calls
2 vertical set calls
0 fill calls
Drawing took 0.005207155 seconds
Starting new draw cycle
2 foreground set calls
0 background set calls
2 horizontal set calls
2 vertical set calls
0 fill calls
Drawing took 0.003653286 seconds
Starting new draw cycle
2 foreground set calls
0 background set calls
2 horizontal set calls
2 vertical set calls
0 fill calls
Drawing took 0.005183452 seconds
Starting new draw cycle
3 foreground set calls
0 background set calls
5 horizontal set calls
4 vertical set calls
0 fill calls
Drawing took 0.005706392 seconds
Starting new draw cycle
3 foreground set calls
0 background set calls
5 horizontal set calls
4 vertical set calls
0 fill calls
Drawing took 0.005593345 seconds
Starting new draw cycle
3 foreground set calls
0 background set calls
5 horizontal set calls
4 vertical set calls
0 fill calls
Drawing took 0.004500057 seconds
Starting new draw cycle
2 foreground set calls
0 background set calls
2 horizontal set calls
2 vertical set calls
0 fill calls
Drawing took 0.005504363 seconds
Starting new draw cycle
2 foreground set calls
0 background set calls
2 horizontal set calls
2 vertical set calls
0 fill calls
Drawing took 0.004002643 seconds
Starting new draw cycle
10 foreground set calls
0 background set calls
15 horizontal set calls
11 vertical set calls
0 fill calls
Drawing took 0.005823087 seconds
Starting new draw cycle
2 foreground set calls
0 background set calls
2 horizontal set calls
2 vertical set calls
0 fill calls
Drawing took 0.005064934 seconds
Starting new draw cycle
3 foreground set calls
0 background set calls
5 horizontal set calls
4 vertical set calls
0 fill calls
Drawing took 0.004744021 seconds
Starting new draw cycle
2 foreground set calls
0 background set calls
2 horizontal set calls
2 vertical set calls
0 fill calls
Drawing took 0.003774359 seconds
Starting new draw cycle
2 foreground set calls
0 background set calls
2 horizontal set calls
2 vertical set calls
0 fill calls
Drawing took 0.004660512 seconds
Starting new draw cycle
2 foreground set calls
0 background set calls
3 horizontal set calls
2 vertical set calls
0 fill calls
Drawing took 0.003530028 seconds
Starting new draw cycle
2 foreground set calls
0 background set calls
3 horizontal set calls
2 vertical set calls
0 fill calls
Drawing took 0.003042097 seconds
Starting new draw cycle
10 foreground set calls
0 background set calls
15 horizontal set calls
11 vertical set calls
0 fill calls
Drawing took 0.00582491 seconds
Starting new draw cycle
10 foreground set calls
0 background set calls
15 horizontal set calls
11 vertical set calls
0 fill calls
Drawing took 0.007526836 seconds
Starting new draw cycle
10 foreground set calls
0 background set calls
15 horizontal set calls
11 vertical set calls
0 fill calls
Drawing took 0.011082756 seconds
Starting new draw cycle
10 foreground set calls
0 background set calls
15 horizontal set calls
11 vertical set calls
0 fill calls
Drawing took 0.015726858 seconds
Starting new draw cycle
10 foreground set calls
0 background set calls
15 horizontal set calls
11 vertical set calls
0 fill calls
Drawing took 0.009703565 seconds
Starting new draw cycle
10 foreground set calls
0 background set calls
15 horizontal set calls
11 vertical set calls
0 fill calls
Drawing took 0.010439473 seconds
Starting new draw cycle
10 foreground set calls
0 background set calls
15 horizontal set calls
11 vertical set calls
0 fill calls
Drawing took 0.009565356 seconds
Starting new draw cycle
10 foreground set calls
0 background set calls
15 horizontal set calls
11 vertical set calls
0 fill calls
Drawing took 0.00914671 seconds
Starting new draw cycle
10 foreground set calls
0 background set calls
15 horizontal set calls
11 vertical set calls
0 fill calls
Drawing took 0.010243645 seconds
Starting new draw cycle
10 foreground set calls
0 background set calls
15 horizontal set calls
11 vertical set calls
0 fill calls
Drawing took 0.01138361 seconds
Starting new draw cycle
10 foreground set calls
0 background set calls
15 horizontal set calls
11 vertical set calls
0 fill calls
Drawing took 0.009217822 seconds
Starting new draw cycle
10 foreground set calls
0 background set calls
15 horizontal set calls
11 vertical set calls
0 fill calls
Drawing took 0.011326721 seconds
Starting new draw cycle
10 foreground set calls
0 background set calls
15 horizontal set calls
11 vertical set calls
0 fill calls
Drawing took 0.009484762 seconds
Starting new draw cycle
10 foreground set calls
0 background set calls
15 horizontal set calls
11 vertical set calls
0 fill calls
Drawing took 0.010464636 seconds
Starting new draw cycle
10 foreground set calls
1 background set calls
15 horizontal set calls
11 vertical set calls
0 fill calls
Drawing took 0.010280111 seconds
Starting new draw cycle
10 foreground set calls
1 background set calls
15 horizontal set calls
11 vertical set calls
0 fill calls
Drawing took 0.009048249 seconds
Starting new draw cycle
10 foreground set calls
1 background set calls
15 horizontal set calls
11 vertical set calls
0 fill calls
Drawing took 0.00903585 seconds
Starting new draw cycle
10 foreground set calls
1 background set calls
15 horizontal set calls
11 vertical set calls
0 fill calls
Drawing took 0.010190038 seconds
Starting new draw cycle
10 foreground set calls
1 background set calls
15 horizontal set calls
11 vertical set calls
0 fill calls
Drawing took 0.012302219 seconds
Starting new draw cycle
10 foreground set calls
1 background set calls
15 horizontal set calls
11 vertical set calls
0 fill calls
Drawing took 0.009604738 seconds
Starting new draw cycle
10 foreground set calls
1 background set calls
15 horizontal set calls
11 vertical set calls
0 fill calls
Drawing took 0.010937616 seconds
Starting new draw cycle
10 foreground set calls
1 background set calls
15 horizontal set calls
11 vertical set calls
0 fill calls
Drawing took 0.009716693 seconds
Starting new draw cycle
10 foreground set calls
1 background set calls
15 horizontal set calls
11 vertical set calls
0 fill calls
Drawing took 0.009840317 seconds
Starting new draw cycle
10 foreground set calls
1 background set calls
15 horizontal set calls
11 vertical set calls
0 fill calls
Drawing took 0.010268807 seconds
Starting new draw cycle
10 foreground set calls
1 background set calls
15 horizontal set calls
11 vertical set calls
0 fill calls
Drawing took 0.008534062 seconds
Starting new draw cycle
10 foreground set calls
1 background set calls
15 horizontal set calls
11 vertical set calls
0 fill calls
Drawing took 0.009088728 seconds
Starting new draw cycle
10 foreground set calls
1 background set calls
15 horizontal set calls
11 vertical set calls
0 fill calls
Drawing took 0.009112797 seconds
Starting new draw cycle
10 foreground set calls
1 background set calls
15 horizontal set calls
11 vertical set calls
0 fill calls
Drawing took 0.00837397 seconds
Starting new draw cycle
10 foreground set calls
1 background set calls
15 horizontal set calls
11 vertical set calls
0 fill calls
Drawing took 0.008776934 seconds
Starting new draw cycle
10 foreground set calls
1 background set calls
15 horizontal set calls
11 vertical set calls
0 fill calls
Drawing took 0.007534129 seconds
Starting new draw cycle
10 foreground set calls
1 background set calls
15 horizontal set calls
11 vertical set calls
0 fill calls
Drawing took 0.009278357 seconds
Starting new draw cycle
10 foreground set calls
1 background set calls
15 horizontal set calls
11 vertical set calls
0 fill calls
Drawing took 0.006064136 seconds
Starting new draw cycle
10 foreground set calls
1 background set calls
15 horizontal set calls
11 vertical set calls
0 fill calls
Drawing took 0.007864888 seconds
Starting new draw cycle
10 foreground set calls
1 background set calls
15 horizontal set calls
11 vertical set calls
0 fill calls
Drawing took 0.006806243 seconds
Starting new draw cycle
10 foreground set calls
1 background set calls
15 horizontal set calls
11 vertical set calls
0 fill calls
Drawing took 0.00779013 seconds
Starting new draw cycle
10 foreground set calls
1 background set calls
15 horizontal set calls
11 vertical set calls
0 fill calls
Drawing took 0.006165515 seconds
Starting new draw cycle
10 foreground set calls
1 background set calls
15 horizontal set calls
11 vertical set calls
0 fill calls
Drawing took 0.006753366 seconds
Starting new draw cycle
10 foreground set calls
1 background set calls
15 horizontal set calls
11 vertical set calls
0 fill calls
Drawing took 0.007702973 seconds
Starting new draw cycle
10 foreground set calls
1 background set calls
15 horizontal set calls
11 vertical set calls
0 fill calls
Drawing took 0.006333629 seconds
Starting new draw cycle
10 foreground set calls
1 background set calls
15 horizontal set calls
11 vertical set calls
0 fill calls
Drawing took 0.006864226 seconds
Starting new draw cycle
10 foreground set calls
1 background set calls
15 horizontal set calls
11 vertical set calls
0 fill calls
Drawing took 0.006491167 seconds
Starting new draw cycle
10 foreground set calls
1 background set calls
15 horizontal set calls
11 vertical set calls
0 fill calls
Drawing took 0.007014106 seconds
Starting new draw cycle
10 foreground set calls
1 background set calls
15 horizontal set calls
11 vertical set calls
0 fill calls
Drawing took 0.006990039 seconds
Starting new draw cycle
10 foreground set calls
1 background set calls
15 horizontal set calls
11 vertical set calls
0 fill calls
Drawing took 0.00526514 seconds
Starting new draw cycle
10 foreground set calls
1 background set calls
15 horizontal set calls
11 vertical set calls
0 fill calls
Drawing took 0.006653081 seconds
Starting new draw cycle
10 foreground set calls
1 background set calls
15 horizontal set calls
11 vertical set calls
0 fill calls
Drawing took 0.00679275 seconds
Starting new draw cycle
2 foreground set calls
1 background set calls
2 horizontal set calls
2 vertical set calls
0 fill calls
Drawing took 0.009573378 seconds
Starting new draw cycle
2 foreground set calls
0 background set calls
3 horizontal set calls
2 vertical set calls
0 fill calls
Drawing took 0.008117606 seconds
Starting new draw cycle
2 foreground set calls
0 background set calls
3 horizontal set calls
2 vertical set calls
0 fill calls
Drawing took 0.006466368 seconds
Starting new draw cycle
2 foreground set calls
0 background set calls
3 horizontal set calls
2 vertical set calls
0 fill calls
Drawing took 0.006075075 seconds
Starting new draw cycle
2 foreground set calls
0 background set calls
3 horizontal set calls
2 vertical set calls
0 fill calls
Drawing took 0.002668307 seconds
Starting new draw cycle
2 foreground set calls
0 background set calls
3 horizontal set calls
2 vertical set calls
0 fill calls
Drawing took 0.007148672 seconds
Starting new draw cycle
2 foreground set calls
0 background set calls
3 horizontal set calls
2 vertical set calls
0 fill calls
Drawing took 0.009709765 seconds
Starting new draw cycle
2 foreground set calls
1 background set calls
2 horizontal set calls
2 vertical set calls
0 fill calls
Drawing took 0.008572715 seconds
Starting new draw cycle
2 foreground set calls
1 background set calls
2 horizontal set calls
2 vertical set calls
0 fill calls
Drawing took 0.00615895 seconds
Starting new draw cycle
2 foreground set calls
0 background set calls
3 horizontal set calls
2 vertical set calls
0 fill calls
Drawing took 0.007580442 seconds
Starting new draw cycle
2 foreground set calls
0 background set calls
3 horizontal set calls
2 vertical set calls
0 fill calls
Drawing took 0.008645651 seconds
Starting new draw cycle
2 foreground set calls
0 background set calls
3 horizontal set calls
2 vertical set calls
0 fill calls
Drawing took 0.006841617 seconds
Starting new draw cycle
2 foreground set calls
0 background set calls
3 horizontal set calls
2 vertical set calls
0 fill calls
Drawing took 0.003127795 seconds
Starting new draw cycle
2 foreground set calls
0 background set calls
3 horizontal set calls
2 vertical set calls
0 fill calls
Drawing took 0.006522529 seconds
Starting new draw cycle
2 foreground set calls
0 background set calls
3 horizontal set calls
2 vertical set calls
0 fill calls
Drawing took 0.007654107 seconds
Starting new draw cycle
2 foreground set calls
0 background set calls
3 horizontal set calls
2 vertical set calls
0 fill calls
Drawing took 0.008227736 seconds
Starting new draw cycle
2 foreground set calls
0 background set calls
3 horizontal set calls
2 vertical set calls
0 fill calls
Drawing took 0.008562504 seconds
Starting new draw cycle
2 foreground set calls
0 background set calls
3 horizontal set calls
2 vertical set calls
0 fill calls
Drawing took 0.006283304 seconds
Starting new draw cycle
2 foreground set calls
0 background set calls
3 horizontal set calls
2 vertical set calls
0 fill calls
Drawing took 0.007904272 seconds
Starting new draw cycle
10 foreground set calls
1 background set calls
15 horizontal set calls
11 vertical set calls
0 fill calls
Drawing took 0.006277834 seconds
Starting new draw cycle
10 foreground set calls
1 background set calls
15 horizontal set calls
11 vertical set calls
0 fill calls
Drawing took 0.00684964 seconds
Starting new draw cycle
10 foreground set calls
1 background set calls
15 horizontal set calls
11 vertical set calls
0 fill calls
Drawing took 0.007692761 seconds
Starting new draw cycle
10 foreground set calls
1 background set calls
15 horizontal set calls
11 vertical set calls
0 fill calls
Drawing took 0.006118107 seconds
Starting new draw cycle
10 foreground set calls
1 background set calls
15 horizontal set calls
11 vertical set calls
0 fill calls
Drawing took 0.006373378 seconds
Starting new draw cycle
10 foreground set calls
1 background set calls
15 horizontal set calls
11 vertical set calls
0 fill calls
Drawing took 0.007275577 seconds
Starting new draw cycle
10 foreground set calls
1 background set calls
15 horizontal set calls
11 vertical set calls
0 fill calls
Drawing took 0.009190106 seconds
Starting new draw cycle
10 foreground set calls
1 background set calls
15 horizontal set calls
11 vertical set calls
0 fill calls
Drawing took 0.007538507 seconds
Starting new draw cycle
10 foreground set calls
1 background set calls
15 horizontal set calls
11 vertical set calls
0 fill calls
Drawing took 0.007425457 seconds
Starting new draw cycle
10 foreground set calls
1 background set calls
15 horizontal set calls
11 vertical set calls
0 fill calls
Drawing took 0.007551998 seconds
Starting new draw cycle
10 foreground set calls
1 background set calls
15 horizontal set calls
11 vertical set calls
0 fill calls
Drawing took 0.006967429 seconds
Starting new draw cycle
10 foreground set calls
1 background set calls
15 horizontal set calls
11 vertical set calls
0 fill calls
Drawing took 0.007365287 seconds
Starting new draw cycle
10 foreground set calls
1 background set calls
15 horizontal set calls
11 vertical set calls
0 fill calls
Drawing took 0.008732443 seconds
Starting new draw cycle
10 foreground set calls
1 background set calls
15 horizontal set calls
11 vertical set calls
0 fill calls
Drawing took 0.0075334 seconds
Starting new draw cycle
10 foreground set calls
1 background set calls
15 horizontal set calls
11 vertical set calls
0 fill calls
Drawing took 0.009618232 seconds
Starting new draw cycle
10 foreground set calls
1 background set calls
15 horizontal set calls
11 vertical set calls
0 fill calls
Drawing took 0.009471998 seconds
Starting new draw cycle
10 foreground set calls
1 background set calls
15 horizontal set calls
11 vertical set calls
0 fill calls
Drawing took 0.007953503 seconds
Starting new draw cycle
10 foreground set calls
1 background set calls
15 horizontal set calls
11 vertical set calls
0 fill calls
Drawing took 0.007713549 seconds
Starting new draw cycle
10 foreground set calls
1 background set calls
15 horizontal set calls
11 vertical set calls
0 fill calls
Drawing took 0.009805309 seconds
Starting new draw cycle
10 foreground set calls
1 background set calls
15 horizontal set calls
11 vertical set calls
0 fill calls
Drawing took 0.009195941 seconds
Starting new draw cycle
10 foreground set calls
1 background set calls
15 horizontal set calls
11 vertical set calls
0 fill calls
Drawing took 0.007450255 seconds
Starting new draw cycle
10 foreground set calls
1 background set calls
15 horizontal set calls
11 vertical set calls
0 fill calls
Drawing took 0.0087401 seconds
Starting new draw cycle
10 foreground set calls
1 background set calls
15 horizontal set calls
11 vertical set calls
0 fill calls
Drawing took 0.007852487 seconds
Starting new draw cycle
10 foreground set calls
1 background set calls
15 horizontal set calls
11 vertical set calls
0 fill calls
Drawing took 0.007806175 seconds
Starting new draw cycle
10 foreground set calls
1 background set calls
15 horizontal set calls
11 vertical set calls
0 fill calls
Drawing took 0.008420283 seconds
Starting new draw cycle
10 foreground set calls
1 background set calls
15 horizontal set calls
11 vertical set calls
0 fill calls
Drawing took 0.008303223 seconds
Starting new draw cycle
10 foreground set calls
1 background set calls
15 horizontal set calls
11 vertical set calls
0 fill calls
Drawing took 0.007718653 seconds
Starting new draw cycle
10 foreground set calls
1 background set calls
15 horizontal set calls
11 vertical set calls
0 fill calls
Drawing took 0.008890346 seconds
Starting new draw cycle
10 foreground set calls
1 background set calls
15 horizontal set calls
11 vertical set calls
0 fill calls
Drawing took 0.008658779 seconds
Starting new draw cycle
10 foreground set calls
1 background set calls
15 horizontal set calls
11 vertical set calls
0 fill calls
Drawing took 0.009129936 seconds
Starting new draw cycle
10 foreground set calls
1 background set calls
15 horizontal set calls
11 vertical set calls
0 fill calls
Drawing took 0.008316351 seconds
Starting new draw cycle
10 foreground set calls
1 background set calls
15 horizontal set calls
11 vertical set calls
0 fill calls
Drawing took 0.010011713 seconds
Starting new draw cycle
10 foreground set calls
1 background set calls
15 horizontal set calls
11 vertical set calls
0 fill calls
Drawing took 0.009344727 seconds
Starting new draw cycle
10 foreground set calls
1 background set calls
15 horizontal set calls
11 vertical set calls
0 fill calls
Drawing took 0.010674322 seconds
Starting new draw cycle
10 foreground set calls
1 background set calls
15 horizontal set calls
11 vertical set calls
0 fill calls
Drawing took 0.009028191 seconds
Starting new draw cycle
10 foreground set calls
1 background set calls
15 horizontal set calls
11 vertical set calls
0 fill calls
Drawing took 0.009304615 seconds
Starting new draw cycle
10 foreground set calls
1 background set calls
15 horizontal set calls
11 vertical set calls
0 fill calls
Drawing took 0.009689708 seconds
Starting new draw cycle
10 foreground set calls
1 background set calls
15 horizontal set calls
11 vertical set calls
0 fill calls
Drawing took 0.009412192 seconds
Starting new draw cycle
10 foreground set calls
1 background set calls
15 horizontal set calls
11 vertical set calls
0 fill calls
Drawing took 0.009326857 seconds
Starting new draw cycle
10 foreground set calls
1 background set calls
15 horizontal set calls
11 vertical set calls
0 fill calls
Drawing took 0.007836808 seconds
Starting new draw cycle
10 foreground set calls
1 background set calls
15 horizontal set calls
11 vertical set calls
0 fill calls
Drawing took 0.008745937 seconds
Starting new draw cycle
10 foreground set calls
1 background set calls
15 horizontal set calls
11 vertical set calls
0 fill calls
Drawing took 0.009997125 seconds
Starting new draw cycle
10 foreground set calls
1 background set calls
15 horizontal set calls
11 vertical set calls
0 fill calls
Drawing took 0.007903178 seconds
Starting new draw cycle
10 foreground set calls
1 background set calls
15 horizontal set calls
11 vertical set calls
0 fill calls
Drawing took 0.009887361 seconds
Starting new draw cycle
10 foreground set calls
1 background set calls
15 horizontal set calls
11 vertical set calls
0 fill calls
Drawing took 0.008258003 seconds
Starting new draw cycle
10 foreground set calls
1 background set calls
15 horizontal set calls
11 vertical set calls
0 fill calls
Drawing took 0.008330939 seconds
Starting new draw cycle
10 foreground set calls
1 background set calls
15 horizontal set calls
11 vertical set calls
0 fill calls
Drawing took 0.009200317 seconds
Starting new draw cycle
10 foreground set calls
1 background set calls
15 horizontal set calls
11 vertical set calls
0 fill calls
Drawing took 0.014419507 seconds
Starting new draw cycle
10 foreground set calls
1 background set calls
15 horizontal set calls
11 vertical set calls
0 fill calls
Drawing took 0.008826528 seconds
Starting new draw cycle
10 foreground set calls
1 background set calls
15 horizontal set calls
11 vertical set calls
0 fill calls
Drawing took 0.007845924 seconds
Starting new draw cycle
10 foreground set calls
1 background set calls
15 horizontal set calls
11 vertical set calls
0 fill calls
Drawing took 0.008469151 seconds
Starting new draw cycle
10 foreground set calls
1 background set calls
15 horizontal set calls
11 vertical set calls
0 fill calls
Drawing took 0.009066119 seconds
Starting new draw cycle
10 foreground set calls
1 background set calls
15 horizontal set calls
11 vertical set calls
0 fill calls
Drawing took 0.009926381 seconds
